<?xml version="1.0" encoding="UTF-8"?>
<!-- Generated by org.testng.reporters.JUnitReportReporter -->
<testsuite skipped="0" hostname="LAPTOP-UMFJ6OLA" name="Com.Actitime.Generics.Screenshort" tests="1" failures="0" timestamp="2021-06-28T18:59:45 IST" time="14.063" errors="0">
  <testcase name="takeScreenShort" time="14.063" classname="Com.Actitime.Generics.Screenshort"/>
  <system-out/>
</testsuite> <!-- Com.Actitime.Generics.Screenshort -->
