<?xml version="1.0" encoding="UTF-8"?>
<!-- Generated by org.testng.reporters.JUnitReportReporter -->
<testsuite skipped="0" hostname="LAPTOP-UMFJ6OLA" name="TestNg.ProjectModule" tests="2" failures="0" timestamp="2021-06-22T22:47:17 IST" time="0.008" errors="0">
  <testcase name="createCustomer" time="0.008" classname="TestNg.ProjectModule"/>
  <system-out>
    <![CDATA[CreateCustomer]]>
  </system-out>
  <testcase name="deleteCustomer" time="0.000" classname="TestNg.ProjectModule"/>
  <system-out>
    <![CDATA[DeleteCustomer]]>
  </system-out>
</testsuite> <!-- TestNg.ProjectModule -->
