<?xml version="1.0" encoding="UTF-8"?>
<!-- Generated by org.testng.reporters.JUnitReportReporter -->
<testsuite skipped="0" hostname="LAPTOP-UMFJ6OLA" name="TestNg.TestDemo" tests="1" failures="0" timestamp="2021-06-22T22:47:17 IST" time="0.000" errors="0">
  <testcase name="demo" time="0.000" classname="TestNg.TestDemo"/>
  <system-out>
    <![CDATA[welcome to testNg]]>
  </system-out>
</testsuite> <!-- TestNg.TestDemo -->
