<?xml version="1.0" encoding="UTF-8"?>
<!-- Generated by org.testng.reporters.JUnitReportReporter -->
<testsuite skipped="0" hostname="LAPTOP-UMFJ6OLA" name="Com.Actitime.Testscripts.ProjectModule" tests="1" failures="0" timestamp="2021-06-27T19:36:36 IST" time="0.000" errors="0">
  <testcase name="createCustomer" time="0.000" classname="Com.Actitime.Testscripts.ProjectModule"/>
  <system-out>
    <![CDATA[CreateCustomerProjectModule]]>
  </system-out>
</testsuite> <!-- Com.Actitime.Testscripts.ProjectModule -->
