<?xml version="1.0" encoding="UTF-8"?>
<!-- Generated by org.testng.reporters.JUnitReportReporter -->
<testsuite skipped="0" hostname="LAPTOP-UMFJ6OLA" name="TestNg.CustomerModule" tests="2" failures="0" timestamp="2021-06-24T23:57:12 IST" time="32.383" errors="0">
  <testcase name="testDeleteCustomer" time="18.812" classname="TestNg.CustomerModule"/>
  <system-out>
    <![CDATA[delete customer]]>
  </system-out>
  <testcase name="testCreateCustomer" time="13.571" classname="TestNg.CustomerModule"/>
  <system-out>
    <![CDATA[createCustomer]]>
  </system-out>
</testsuite> <!-- TestNg.CustomerModule -->
