<?xml version="1.0" encoding="UTF-8"?>
<!-- Generated by org.testng.reporters.JUnitReportReporter -->
<testsuite skipped="0" hostname="LAPTOP-UMFJ6OLA" name="Com.Actitime.Testscripts.MainMethodsCls" tests="1" failures="0" timestamp="2021-07-02T07:57:29 IST" time="14.596" errors="0">
  <testcase name="testLogin" time="14.596" classname="Com.Actitime.Testscripts.MainMethodsCls"/>
  <system-out/>
</testsuite> <!-- Com.Actitime.Testscripts.MainMethodsCls -->
