<?xml version="1.0" encoding="UTF-8"?>
<!-- Generated by org.testng.reporters.JUnitReportReporter -->
<testsuite skipped="0" hostname="LAPTOP-UMFJ6OLA" name="Assertion.Soogle" tests="1" failures="0" timestamp="2021-06-29T22:36:33 IST" time="17.386" errors="0">
  <testcase name="testVerifyTitle" time="17.386" classname="Assertion.Soogle"/>
  <system-out>
    <![CDATA[title is not matching]]>
  </system-out>
</testsuite> <!-- Assertion.Soogle -->
