<?xml version="1.0" encoding="UTF-8"?>
<!-- Generated by org.testng.reporters.JUnitReportReporter -->
<testsuite skipped="0" hostname="LAPTOP-UMFJ6OLA" name="Com.Actitime.Testscripts.TaskModule" tests="1" failures="0" timestamp="2021-06-27T19:36:00 IST" time="0.005" errors="0">
  <testcase name="createTaskModule" time="0.005" classname="Com.Actitime.Testscripts.TaskModule"/>
  <system-out>
    <![CDATA[createCustomerTaskModule]]>
  </system-out>
</testsuite> <!-- Com.Actitime.Testscripts.TaskModule -->
