<?xml version="1.0" encoding="UTF-8"?>
<!-- Generated by org.testng.reporters.JUnitReportReporter -->
<testsuite skipped="0" hostname="LAPTOP-UMFJ6OLA" name="TestNg.Assignment" tests="4" failures="0" timestamp="2021-06-24T23:55:40 IST" time="0.010" errors="0">
  <testcase name="deleteCustomer" time="0.004" classname="TestNg.Assignment"/>
  <system-out>
    <![CDATA[deleteCustomer]]>
  </system-out>
  <testcase name="registerCustomer" time="0.003" classname="TestNg.Assignment"/>
  <system-out>
    <![CDATA[registerCustomer]]>
  </system-out>
  <testcase name="editCustomer" time="0.001" classname="TestNg.Assignment"/>
  <system-out>
    <![CDATA[editcustomer]]>
  </system-out>
  <testcase name="editCustomer" time="0.002" classname="TestNg.Assignment"/>
  <system-out>
    <![CDATA[editcustomer]]>
  </system-out>
</testsuite> <!-- TestNg.Assignment -->
